# JRE version: Java(TM) SE Runtime Environment (9.0+11) (build 9.0.4+11)
# Java VM: Java HotSpot(TM) 64-Bit Server VM (9.0.4+11, mixed mode, tiered, compressed oops, g1 gc, windows-amd64)
Heap:
 garbage-first heap   total 256000K, used 124965K [0x0000000700000000, 0x00000007001007d0, 0x00000007c0000000)
  region size 1024K, 46 young (47104K), 2 survivors (2048K)
 Metaspace       used 81170K, capacity 83618K, committed 89264K, reserved 1126400K
  class space    used 10801K, capacity 11267K, committed 12464K, reserved 1048576K
GC Heap History (10 events):
Event: 17073.172 GC heap before
{Heap before GC invocations=301 (full 15):
 garbage-first heap   total 256000K, used 140201K [0x0000000700000000, 0x00000007001007d0, 0x00000007c0000000)
  region size 1024K, 60 young (61440K), 1 survivors (1024K)
 Metaspace       used 81111K, capacity 83548K, committed 89008K, reserved 1126400K
  class space    used 10797K, capacity 11266K, committed 12464K, reserved 1048576K
}
Event: 17073.176 GC heap after
{Heap after GC invocations=302 (full 15):
 garbage-first heap   total 256000K, used 79691K [0x0000000700000000, 0x00000007001007d0, 0x00000007c0000000)
  region size 1024K, 1 young (1024K), 1 survivors (1024K)
 Metaspace       used 81111K, capacity 83548K, committed 89008K, reserved 1126400K
  class space    used 10797K, capacity 11266K, committed 12464K, reserved 1048576K
}
Event: 17078.063 GC heap before
{Heap before GC invocations=302 (full 15):
 garbage-first heap   total 256000K, used 140107K [0x0000000700000000, 0x00000007001007d0, 0x00000007c0000000)
  region size 1024K, 60 young (61440K), 1 survivors (1024K)
 Metaspace       used 81120K, capacity 83548K, committed 89008K, reserved 1126400K
  class space    used 10797K, capacity 11266K, committed 12464K, reserved 1048576K
}
Event: 17078.068 GC heap after
{Heap after GC invocations=303 (full 15):
 garbage-first heap   total 256000K, used 80225K [0x0000000700000000, 0x00000007001007d0, 0x00000007c0000000)
  region size 1024K, 2 young (2048K), 2 survivors (2048K)
 Metaspace       used 81120K, capacity 83548K, committed 89008K, reserved 1126400K
  class space    used 10797K, capacity 11266K, committed 12464K, reserved 1048576K
}
Event: 17089.764 GC heap before
{Heap before GC invocations=303 (full 15):
 garbage-first heap   total 256000K, used 139617K [0x0000000700000000, 0x00000007001007d0, 0x00000007c0000000)
  region size 1024K, 60 young (61440K), 2 survivors (2048K)
 Metaspace       used 81132K, capacity 83554K, committed 89008K, reserved 1126400K
  class space    used 10798K, capacity 11267K, committed 12464K, reserved 1048576K
}
Event: 17089.770 GC heap after
{Heap after GC invocations=304 (full 15):
 garbage-first heap   total 256000K, used 80760K [0x0000000700000000, 0x00000007001007d0, 0x00000007c0000000)
  region size 1024K, 2 young (2048K), 2 survivors (2048K)
 Metaspace       used 81132K, capacity 83554K, committed 89008K, reserved 1126400K
  class space    used 10798K, capacity 11267K, committed 12464K, reserved 1048576K
}
Event: 17102.249 GC heap before
{Heap before GC invocations=304 (full 15):
 garbage-first heap   total 256000K, used 140152K [0x0000000700000000, 0x00000007001007d0, 0x00000007c0000000)
  region size 1024K, 60 young (61440K), 2 survivors (2048K)
 Metaspace       used 81142K, capacity 83618K, committed 89264K, reserved 1126400K
  class space    used 10798K, capacity 11267K, committed 12464K, reserved 1048576K
}
Event: 17102.255 GC heap after
{Heap after GC invocations=305 (full 15):
 garbage-first heap   total 256000K, used 80901K [0x0000000700000000, 0x00000007001007d0, 0x00000007c0000000)
  region size 1024K, 2 young (2048K), 2 survivors (2048K)
 Metaspace       used 81142K, capacity 83618K, committed 89264K, reserved 1126400K
  class space    used 10798K, capacity 11267K, committed 12464K, reserved 1048576K
}
Event: 17115.863 GC heap before
{Heap before GC invocations=305 (full 15):
 garbage-first heap   total 256000K, used 140293K [0x0000000700000000, 0x00000007001007d0, 0x00000007c0000000)
  region size 1024K, 60 young (61440K), 2 survivors (2048K)
 Metaspace       used 81164K, capacity 83618K, committed 89264K, reserved 1126400K
  class space    used 10801K, capacity 11267K, committed 12464K, reserved 1048576K
}
Event: 17115.875 GC heap after
{Heap after GC invocations=306 (full 15):
 garbage-first heap   total 256000K, used 80933K [0x0000000700000000, 0x00000007001007d0, 0x00000007c0000000)
  region size 1024K, 2 young (2048K), 2 survivors (2048K)
 Metaspace       used 81164K, capacity 83618K, committed 89264K, reserved 1126400K
  class space    used 10801K, capacity 11267K, committed 12464K, reserved 1048576K
}

