# JRE version: Java(TM) SE Runtime Environment (9.0+11) (build 9.0.4+11)
# Java VM: Java HotSpot(TM) 64-Bit Server VM (9.0.4+11, mixed mode, tiered, compressed oops, g1 gc, windows-amd64)
Heap:
 garbage-first heap   total 175104K, used 109887K [0x0000000700000000, 0x0000000700100558, 0x00000007c0000000)
  region size 1024K, 50 young (51200K), 3 survivors (3072K)
 Metaspace       used 76668K, capacity 81744K, committed 81800K, reserved 1120256K
  class space    used 10528K, capacity 11426K, committed 11440K, reserved 1048576K
GC Heap History (10 events):
Event: 159.365 GC heap before
{Heap before GC invocations=57 (full 2):
 garbage-first heap   total 175104K, used 123113K [0x0000000700000000, 0x0000000700100558, 0x00000007c0000000)
  region size 1024K, 60 young (61440K), 2 survivors (2048K)
 Metaspace       used 76067K, capacity 81050K, committed 81288K, reserved 1120256K
  class space    used 10456K, capacity 11337K, committed 11440K, reserved 1048576K
}
Event: 159.372 GC heap after
{Heap after GC invocations=58 (full 2):
 garbage-first heap   total 175104K, used 64515K [0x0000000700000000, 0x0000000700100558, 0x00000007c0000000)
  region size 1024K, 3 young (3072K), 3 survivors (3072K)
 Metaspace       used 76067K, capacity 81050K, committed 81288K, reserved 1120256K
  class space    used 10456K, capacity 11337K, committed 11440K, reserved 1048576K
}
Event: 163.210 GC heap before
{Heap before GC invocations=58 (full 2):
 garbage-first heap   total 175104K, used 74755K [0x0000000700000000, 0x0000000700100558, 0x00000007c0000000)
  region size 1024K, 14 young (14336K), 3 survivors (3072K)
 Metaspace       used 76103K, capacity 81114K, committed 81288K, reserved 1120256K
  class space    used 10458K, capacity 11337K, committed 11440K, reserved 1048576K
}
Event: 163.386 GC heap after
{Heap after GC invocations=59 (full 3):
 garbage-first heap   total 175104K, used 60629K [0x0000000700000000, 0x0000000700100558, 0x00000007c0000000)
  region size 1024K, 0 young (0K), 0 survivors (0K)
 Metaspace       used 76103K, capacity 81114K, committed 81288K, reserved 1120256K
  class space    used 10458K, capacity 11337K, committed 11440K, reserved 1048576K
}
Event: 167.403 GC heap before
{Heap before GC invocations=59 (full 3):
 garbage-first heap   total 175104K, used 122069K [0x0000000700000000, 0x0000000700100558, 0x00000007c0000000)
  region size 1024K, 60 young (61440K), 0 survivors (0K)
 Metaspace       used 76447K, capacity 81446K, committed 81544K, reserved 1120256K
  class space    used 10513K, capacity 11403K, committed 11440K, reserved 1048576K
}
Event: 167.409 GC heap after
{Heap after GC invocations=60 (full 3):
 garbage-first heap   total 175104K, used 63160K [0x0000000700000000, 0x0000000700100558, 0x00000007c0000000)
  region size 1024K, 3 young (3072K), 3 survivors (3072K)
 Metaspace       used 76447K, capacity 81446K, committed 81544K, reserved 1120256K
  class space    used 10513K, capacity 11403K, committed 11440K, reserved 1048576K
}
Event: 174.008 GC heap before
{Heap before GC invocations=60 (full 3):
 garbage-first heap   total 175104K, used 121528K [0x0000000700000000, 0x0000000700100558, 0x00000007c0000000)
  region size 1024K, 60 young (61440K), 3 survivors (3072K)
 Metaspace       used 76528K, capacity 81610K, committed 81800K, reserved 1120256K
  class space    used 10525K, capacity 11425K, committed 11440K, reserved 1048576K
}
Event: 174.013 GC heap after
{Heap after GC invocations=61 (full 3):
 garbage-first heap   total 175104K, used 63005K [0x0000000700000000, 0x0000000700100558, 0x00000007c0000000)
  region size 1024K, 3 young (3072K), 3 survivors (3072K)
 Metaspace       used 76528K, capacity 81610K, committed 81800K, reserved 1120256K
  class space    used 10525K, capacity 11425K, committed 11440K, reserved 1048576K
}
Event: 177.158 GC heap before
{Heap before GC invocations=61 (full 3):
 garbage-first heap   total 175104K, used 121373K [0x0000000700000000, 0x0000000700100558, 0x00000007c0000000)
  region size 1024K, 60 young (61440K), 3 survivors (3072K)
 Metaspace       used 76531K, capacity 81610K, committed 81800K, reserved 1120256K
  class space    used 10525K, capacity 11425K, committed 11440K, reserved 1048576K
}
Event: 177.166 GC heap after
{Heap after GC invocations=62 (full 3):
 garbage-first heap   total 175104K, used 62783K [0x0000000700000000, 0x0000000700100558, 0x00000007c0000000)
  region size 1024K, 3 young (3072K), 3 survivors (3072K)
 Metaspace       used 76531K, capacity 81610K, committed 81800K, reserved 1120256K
  class space    used 10525K, capacity 11425K, committed 11440K, reserved 1048576K
}

