# JRE version: Java(TM) SE Runtime Environment (9.0+11) (build 9.0.4+11)
# Java VM: Java HotSpot(TM) 64-Bit Server VM (9.0.4+11, mixed mode, tiered, compressed oops, g1 gc, windows-amd64)
Heap:
 garbage-first heap   total 422912K, used 145895K [0x0000000700000000, 0x0000000700100ce8, 0x00000007c0000000)
  region size 1024K, 20 young (20480K), 2 survivors (2048K)
 Metaspace       used 99946K, capacity 103844K, committed 107324K, reserved 1140736K
  class space    used 13771K, capacity 14494K, committed 15164K, reserved 1048576K
GC Heap History (10 events):
Event: 16180.583 GC heap before
{Heap before GC invocations=628 (full 125):
 garbage-first heap   total 422912K, used 187478K [0x0000000700000000, 0x0000000700100ce8, 0x00000007c0000000)
  region size 1024K, 60 young (61440K), 2 survivors (2048K)
 Metaspace       used 99897K, capacity 103780K, committed 107068K, reserved 1140736K
  class space    used 13771K, capacity 14494K, committed 15164K, reserved 1048576K
}
Event: 16180.587 GC heap after
{Heap after GC invocations=629 (full 125):
 garbage-first heap   total 422912K, used 128096K [0x0000000700000000, 0x0000000700100ce8, 0x00000007c0000000)
  region size 1024K, 2 young (2048K), 2 survivors (2048K)
 Metaspace       used 99897K, capacity 103780K, committed 107068K, reserved 1140736K
  class space    used 13771K, capacity 14494K, committed 15164K, reserved 1048576K
}
Event: 16181.953 GC heap before
{Heap before GC invocations=629 (full 125):
 garbage-first heap   total 422912K, used 187488K [0x0000000700000000, 0x0000000700100ce8, 0x00000007c0000000)
  region size 1024K, 60 young (61440K), 2 survivors (2048K)
 Metaspace       used 99897K, capacity 103780K, committed 107068K, reserved 1140736K
  class space    used 13771K, capacity 14494K, committed 15164K, reserved 1048576K
}
Event: 16181.957 GC heap after
{Heap after GC invocations=630 (full 125):
 garbage-first heap   total 422912K, used 128088K [0x0000000700000000, 0x0000000700100ce8, 0x00000007c0000000)
  region size 1024K, 2 young (2048K), 2 survivors (2048K)
 Metaspace       used 99897K, capacity 103780K, committed 107068K, reserved 1140736K
  class space    used 13771K, capacity 14494K, committed 15164K, reserved 1048576K
}
Event: 16186.542 GC heap before
{Heap before GC invocations=630 (full 125):
 garbage-first heap   total 422912K, used 187480K [0x0000000700000000, 0x0000000700100ce8, 0x00000007c0000000)
  region size 1024K, 60 young (61440K), 2 survivors (2048K)
 Metaspace       used 99898K, capacity 103780K, committed 107068K, reserved 1140736K
  class space    used 13771K, capacity 14494K, committed 15164K, reserved 1048576K
}
Event: 16186.546 GC heap after
{Heap after GC invocations=631 (full 125):
 garbage-first heap   total 422912K, used 128160K [0x0000000700000000, 0x0000000700100ce8, 0x00000007c0000000)
  region size 1024K, 2 young (2048K), 2 survivors (2048K)
 Metaspace       used 99898K, capacity 103780K, committed 107068K, reserved 1140736K
  class space    used 13771K, capacity 14494K, committed 15164K, reserved 1048576K
}
Event: 16186.773 GC heap before
{Heap before GC invocations=631 (full 125):
 garbage-first heap   total 422912K, used 187552K [0x0000000700000000, 0x0000000700100ce8, 0x00000007c0000000)
  region size 1024K, 60 young (61440K), 2 survivors (2048K)
 Metaspace       used 99898K, capacity 103780K, committed 107068K, reserved 1140736K
  class space    used 13771K, capacity 14494K, committed 15164K, reserved 1048576K
}
Event: 16186.776 GC heap after
{Heap after GC invocations=632 (full 125):
 garbage-first heap   total 422912K, used 128052K [0x0000000700000000, 0x0000000700100ce8, 0x00000007c0000000)
  region size 1024K, 2 young (2048K), 2 survivors (2048K)
 Metaspace       used 99898K, capacity 103780K, committed 107068K, reserved 1140736K
  class space    used 13771K, capacity 14494K, committed 15164K, reserved 1048576K
}
Event: 16188.881 GC heap before
{Heap before GC invocations=632 (full 125):
 garbage-first heap   total 422912K, used 187444K [0x0000000700000000, 0x0000000700100ce8, 0x00000007c0000000)
  region size 1024K, 60 young (61440K), 2 survivors (2048K)
 Metaspace       used 99902K, capacity 103780K, committed 107068K, reserved 1140736K
  class space    used 13771K, capacity 14494K, committed 15164K, reserved 1048576K
}
Event: 16188.886 GC heap after
{Heap after GC invocations=633 (full 125):
 garbage-first heap   total 422912K, used 128487K [0x0000000700000000, 0x0000000700100ce8, 0x00000007c0000000)
  region size 1024K, 2 young (2048K), 2 survivors (2048K)
 Metaspace       used 99902K, capacity 103780K, committed 107068K, reserved 1140736K
  class space    used 13771K, capacity 14494K, committed 15164K, reserved 1048576K
}

